<?xml version="1.0" encoding="UTF-8"?>
<testsuite name="com.jojoidu.book.springboot.web.dto.HelloResponseDtoTest" tests="1" skipped="0" failures="0" errors="0" timestamp="2021-06-30T16:14:08" hostname="DESKTOP-ERFUNSJ" time="0.042">
  <properties/>
  <testcase name="롬복_기능_테스트" classname="com.jojoidu.book.springboot.web.dto.HelloResponseDtoTest" time="0.042"/>
  <system-out><![CDATA[]]></system-out>
  <system-err><![CDATA[]]></system-err>
</testsuite>
